Using pre-set license
Built from '2020.3/release' branch; Version is '2020.3.1f1 (77a89f25062f) revision 7841951'; Using compiler version '192528614'; Build Type 'Release'
OS: 'Windows 10 Home; OS build 19044.2728; Version 2009; 64bit' Language: 'en' Physical Memory: 32710 MB
BatchMode: 1, IsHumanControllingUs: 0, StartBugReporterOnCrash: 0, Is64bit: 1, IsPro: 0

 COMMAND LINE ARGUMENTS:
E:\Programs\Unity\Hub\Editor\2020.3.1f1\Editor\Unity.exe
-adb2
-batchMode
-noUpm
-name
AssetImportWorker0
-projectPath
E:/Unity Games/Cleone
-logFile
Logs/AssetImportWorker0.log
-srvPort
63739
Successfully changed project path to: E:/Unity Games/Cleone
E:/Unity Games/Cleone
Using Asset Import Pipeline V2.
Refreshing native plugins compatible for Editor in 28.51 ms, found 0 plugins.
Preloading 0 native plugins for Editor in 0.00 ms.
Initialize engine version: 2020.3.1f1 (77a89f25062f)
[Subsystems] Discovering subsystems at path E:/Programs/Unity/Hub/Editor/2020.3.1f1/Editor/Data/Resources/UnitySubsystems
[Subsystems] Discovering subsystems at path E:/Unity Games/Cleone/Assets
GfxDevice: creating device client; threaded=0
Direct3D:
    Version:  Direct3D 11.0 [level 11.1]
    Renderer: NVIDIA GeForce RTX 3070 (ID=0x2484)
    Vendor:   
    VRAM:     8031 MB
    Driver:   31.0.15.2849
Initialize mono
Mono path[0] = 'E:/Programs/Unity/Hub/Editor/2020.3.1f1/Editor/Data/Managed'
Mono path[1] = 'E:/Programs/Unity/Hub/Editor/2020.3.1f1/Editor/Data/MonoBleedingEdge/lib/mono/unityjit'
Mono config path = 'E:/Programs/Unity/Hub/Editor/2020.3.1f1/Editor/Data/MonoBleedingEdge/etc'
Using monoOptions --debugger-agent=transport=dt_socket,embedding=1,server=y,suspend=n,address=127.0.0.1:56500
Begin MonoManager ReloadAssembly
Registering precompiled unity dll's ...
Register platform support module: E:/Programs/Unity/Hub/Editor/2020.3.1f1/Editor/Data/PlaybackEngines/WebGLSupport/UnityEditor.WebGL.Extensions.dll
Register platform support module: E:/Programs/Unity/Hub/Editor/2020.3.1f1/Editor/Data/PlaybackEngines/MacStandaloneSupport/UnityEditor.OSXStandalone.Extensions.dll
Register platform support module: E:/Programs/Unity/Hub/Editor/2020.3.1f1/Editor/Data/PlaybackEngines/WindowsStandaloneSupport/UnityEditor.WindowsStandalone.Extensions.dll
Registered in 0.001902 seconds.
Native extension for WindowsStandalone target not found
Native extension for OSXStandalone target not found
Native extension for WebGL target not found
Refreshing native plugins compatible for Editor in 26.84 ms, found 0 plugins.
Preloading 0 native plugins for Editor in 0.00 ms.
Invoked RoslynAnalysisRunner static constructor.
RoslynAnalysisRunner will not be running.
RoslynAnalysisRunner has terminated.
Mono: successfully reloaded assembly
- Completed reload, in  1.217 seconds
Platform modules already initialized, skipping
Registering precompiled user dll's ...
Registered in 0.000744 seconds.
Begin MonoManager ReloadAssembly
Native extension for WindowsStandalone target not found
Native extension for OSXStandalone target not found
Native extension for WebGL target not found
Refreshing native plugins compatible for Editor in 0.37 ms, found 0 plugins.
Preloading 0 native plugins for Editor in 0.00 ms.
Invoked RoslynAnalysisRunner static constructor.
RoslynAnalysisRunner will not be running.
RoslynAnalysisRunner has terminated.
Mono: successfully reloaded assembly
- Completed reload, in  1.008 seconds
Platform modules already initialized, skipping
========================================================================
Worker process is ready to serve import requests
Launched and connected shader compiler UnityShaderCompiler.exe after 0.05 seconds
Refreshing native plugins compatible for Editor in 0.35 ms, found 0 plugins.
Preloading 0 native plugins for Editor in 0.00 ms.
Unloading 1153 Unused Serialized files (Serialized files now loaded: 0)
System memory in use before: 62.5 MB.
System memory in use after: 62.5 MB.

Unloading 10 unused Assets to reduce memory usage. Loaded Objects now: 1596.
Total: 2.696500 ms (FindLiveObjects: 0.486300 ms CreateObjectMapping: 0.114400 ms MarkObjects: 1.979200 ms  DeleteObjects: 0.114300 ms)

========================================================================
Received Import Request.
  path: Assets/Scripts/Saving/SaveData.cs
  artifactKey: Guid(166fbdeda10057b469b204e6c3d0d2cf) Importer(815301076,1909f56bfc062723c751e8b465ee728b)
Start importing Assets/Scripts/Saving/SaveData.cs using Guid(166fbdeda10057b469b204e6c3d0d2cf) Importer(815301076,1909f56bfc062723c751e8b465ee728b)  -> (artifact id: '6280900c933ee780120fb45d5153219f') in 0.052222 seconds
  Import took 0.055303 seconds .

========================================================================
Received Import Request.
  Time since last request: 104.547760 seconds.
  path: Assets/Scenes/Level1.unity
  artifactKey: Guid(b6cbc72855421d24ebd07594ff582a7f) Importer(815301076,1909f56bfc062723c751e8b465ee728b)
Start importing Assets/Scenes/Level1.unity using Guid(b6cbc72855421d24ebd07594ff582a7f) Importer(815301076,1909f56bfc062723c751e8b465ee728b)  -> (artifact id: 'fe7b0fab24b87f5b95a50b299786f064') in 0.016295 seconds
  Import took 0.019114 seconds .

========================================================================
Received Import Request.
  Time since last request: 0.473203 seconds.
  path: Assets/Scenes/Tutorial.unity
  artifactKey: Guid(d1c3109bdb54ad54c8a2b2838528e640) Importer(815301076,1909f56bfc062723c751e8b465ee728b)
Start importing Assets/Scenes/Tutorial.unity using Guid(d1c3109bdb54ad54c8a2b2838528e640) Importer(815301076,1909f56bfc062723c751e8b465ee728b)  -> (artifact id: 'f1864ffd89f69abd97b1ddf56adf9231') in 0.007515 seconds
  Import took 0.009865 seconds .

========================================================================
Received Import Request.
  Time since last request: 0.000329 seconds.
  path: Assets/Scenes/Tutorial.unity
  artifactKey: Guid(d1c3109bdb54ad54c8a2b2838528e640) Importer(815301076,1909f56bfc062723c751e8b465ee728b)
Start importing Assets/Scenes/Tutorial.unity using Guid(d1c3109bdb54ad54c8a2b2838528e640) Importer(815301076,1909f56bfc062723c751e8b465ee728b)  -> (artifact id: 'f1864ffd89f69abd97b1ddf56adf9231') in 0.002002 seconds
  Import took 0.004163 seconds .

========================================================================
Received Prepare
Registering precompiled user dll's ...
Registered in 0.000821 seconds.
Begin MonoManager ReloadAssembly
Native extension for WindowsStandalone target not found
Native extension for OSXStandalone target not found
Native extension for WebGL target not found
Refreshing native plugins compatible for Editor in 0.33 ms, found 0 plugins.
Preloading 0 native plugins for Editor in 0.00 ms.
Invoked RoslynAnalysisRunner static constructor.
RoslynAnalysisRunner will not be running.
RoslynAnalysisRunner has terminated.
Mono: successfully reloaded assembly
- Completed reload, in  0.832 seconds
Platform modules already initialized, skipping
Refreshing native plugins compatible for Editor in 0.34 ms, found 0 plugins.
Preloading 0 native plugins for Editor in 0.00 ms.
Unloading 1135 Unused Serialized files (Serialized files now loaded: 0)
System memory in use before: 61.4 MB.
System memory in use after: 61.5 MB.

Unloading 5 unused Assets to reduce memory usage. Loaded Objects now: 1599.
Total: 2.275000 ms (FindLiveObjects: 0.206600 ms CreateObjectMapping: 0.058700 ms MarkObjects: 1.928200 ms  DeleteObjects: 0.080100 ms)

========================================================================
Received Prepare
Registering precompiled user dll's ...
Registered in 0.000686 seconds.
Begin MonoManager ReloadAssembly
Native extension for WindowsStandalone target not found
Native extension for OSXStandalone target not found
Native extension for WebGL target not found
Refreshing native plugins compatible for Editor in 0.32 ms, found 0 plugins.
Preloading 0 native plugins for Editor in 0.00 ms.
Invoked RoslynAnalysisRunner static constructor.
RoslynAnalysisRunner will not be running.
RoslynAnalysisRunner has terminated.
Mono: successfully reloaded assembly
- Completed reload, in  0.800 seconds
Platform modules already initialized, skipping
Refreshing native plugins compatible for Editor in 0.34 ms, found 0 plugins.
Preloading 0 native plugins for Editor in 0.00 ms.
Unloading 1135 Unused Serialized files (Serialized files now loaded: 0)
System memory in use before: 61.4 MB.
System memory in use after: 61.5 MB.

Unloading 5 unused Assets to reduce memory usage. Loaded Objects now: 1602.
Total: 2.338600 ms (FindLiveObjects: 0.204500 ms CreateObjectMapping: 0.048500 ms MarkObjects: 2.005900 ms  DeleteObjects: 0.078400 ms)

========================================================================
Received Import Request.
  Time since last request: 645.322610 seconds.
  path: Assets/Prefabs/Player/Player.prefab
  artifactKey: Guid(022ca263e9665b145b6221eaa501685c) Importer(815301076,1909f56bfc062723c751e8b465ee728b)
Start importing Assets/Prefabs/Player/Player.prefab using Guid(022ca263e9665b145b6221eaa501685c) Importer(815301076,1909f56bfc062723c751e8b465ee728b)  -> (artifact id: 'e8832220543043119f051fbed198ec10') in 0.109050 seconds
  Import took 0.111583 seconds .

========================================================================
Received Prepare
Registering precompiled user dll's ...
Registered in 0.000644 seconds.
Begin MonoManager ReloadAssembly
Native extension for WindowsStandalone target not found
Native extension for OSXStandalone target not found
Native extension for WebGL target not found
Refreshing native plugins compatible for Editor in 0.33 ms, found 0 plugins.
Preloading 0 native plugins for Editor in 0.00 ms.
Invoked RoslynAnalysisRunner static constructor.
RoslynAnalysisRunner will not be running.
RoslynAnalysisRunner has terminated.
Mono: successfully reloaded assembly
- Completed reload, in  0.784 seconds
Platform modules already initialized, skipping
Refreshing native plugins compatible for Editor in 0.54 ms, found 0 plugins.
Preloading 0 native plugins for Editor in 0.00 ms.
Unloading 1135 Unused Serialized files (Serialized files now loaded: 0)
System memory in use before: 64.6 MB.
System memory in use after: 64.7 MB.

Unloading 6 unused Assets to reduce memory usage. Loaded Objects now: 1613.
Total: 3.191800 ms (FindLiveObjects: 0.319800 ms CreateObjectMapping: 0.143500 ms MarkObjects: 2.613400 ms  DeleteObjects: 0.113000 ms)

========================================================================
Received Import Request.
  Time since last request: 13.765779 seconds.
  path: Assets/Prefabs/Player/Player.prefab
  artifactKey: Guid(022ca263e9665b145b6221eaa501685c) Importer(815301076,1909f56bfc062723c751e8b465ee728b)
Start importing Assets/Prefabs/Player/Player.prefab using Guid(022ca263e9665b145b6221eaa501685c) Importer(815301076,1909f56bfc062723c751e8b465ee728b)  -> (artifact id: 'abd6ce75b907e7ede8c164f7b0c6a478') in 0.071712 seconds
  Import took 0.074225 seconds .

========================================================================
Received Prepare
Registering precompiled user dll's ...
Registered in 0.000733 seconds.
Begin MonoManager ReloadAssembly
Native extension for WindowsStandalone target not found
Native extension for OSXStandalone target not found
Native extension for WebGL target not found
Refreshing native plugins compatible for Editor in 0.32 ms, found 0 plugins.
Preloading 0 native plugins for Editor in 0.00 ms.
Invoked RoslynAnalysisRunner static constructor.
RoslynAnalysisRunner will not be running.
RoslynAnalysisRunner has terminated.
Mono: successfully reloaded assembly
- Completed reload, in  0.804 seconds
Platform modules already initialized, skipping
Refreshing native plugins compatible for Editor in 0.35 ms, found 0 plugins.
Preloading 0 native plugins for Editor in 0.00 ms.
Unloading 1135 Unused Serialized files (Serialized files now loaded: 0)
System memory in use before: 64.6 MB.
System memory in use after: 64.7 MB.

Unloading 6 unused Assets to reduce memory usage. Loaded Objects now: 1617.
Total: 2.324000 ms (FindLiveObjects: 0.221700 ms CreateObjectMapping: 0.066900 ms MarkObjects: 1.948000 ms  DeleteObjects: 0.086000 ms)

========================================================================
Received Prepare
Registering precompiled user dll's ...
Registered in 0.000652 seconds.
Begin MonoManager ReloadAssembly
Native extension for WindowsStandalone target not found
Native extension for OSXStandalone target not found
Native extension for WebGL target not found
Refreshing native plugins compatible for Editor in 0.35 ms, found 0 plugins.
Preloading 0 native plugins for Editor in 0.00 ms.
Invoked RoslynAnalysisRunner static constructor.
RoslynAnalysisRunner will not be running.
RoslynAnalysisRunner has terminated.
Mono: successfully reloaded assembly
- Completed reload, in  0.800 seconds
Platform modules already initialized, skipping
Refreshing native plugins compatible for Editor in 0.34 ms, found 0 plugins.
Preloading 0 native plugins for Editor in 0.00 ms.
Unloading 1135 Unused Serialized files (Serialized files now loaded: 0)
System memory in use before: 64.6 MB.
System memory in use after: 64.7 MB.

Unloading 5 unused Assets to reduce memory usage. Loaded Objects now: 1620.
Total: 2.347800 ms (FindLiveObjects: 0.230900 ms CreateObjectMapping: 0.058900 ms MarkObjects: 1.968700 ms  DeleteObjects: 0.087800 ms)

========================================================================
Received Import Request.
  Time since last request: 194.435125 seconds.
  path: Assets/Prefabs/Player/Player.prefab
  artifactKey: Guid(022ca263e9665b145b6221eaa501685c) Importer(815301076,1909f56bfc062723c751e8b465ee728b)
Start importing Assets/Prefabs/Player/Player.prefab using Guid(022ca263e9665b145b6221eaa501685c) Importer(815301076,1909f56bfc062723c751e8b465ee728b)  -> (artifact id: '7d5389fa2640449bd10c5f1f2405ef84') in 0.067862 seconds
  Import took 0.070414 seconds .

========================================================================
Received Import Request.
  Time since last request: 73.148538 seconds.
  path: Assets/Scenes/Tutorial.unity
  artifactKey: Guid(d1c3109bdb54ad54c8a2b2838528e640) Importer(815301076,1909f56bfc062723c751e8b465ee728b)
Start importing Assets/Scenes/Tutorial.unity using Guid(d1c3109bdb54ad54c8a2b2838528e640) Importer(815301076,1909f56bfc062723c751e8b465ee728b)  -> (artifact id: '99d8872860ca6403ab93ab0576178eaf') in 0.002512 seconds
  Import took 0.005091 seconds .

========================================================================
Received Prepare
Registering precompiled user dll's ...
Registered in 0.000651 seconds.
Begin MonoManager ReloadAssembly
Native extension for WindowsStandalone target not found
Native extension for OSXStandalone target not found
Native extension for WebGL target not found
Refreshing native plugins compatible for Editor in 0.37 ms, found 0 plugins.
Preloading 0 native plugins for Editor in 0.00 ms.
Invoked RoslynAnalysisRunner static constructor.
RoslynAnalysisRunner will not be running.
RoslynAnalysisRunner has terminated.
Mono: successfully reloaded assembly
- Completed reload, in  0.802 seconds
Platform modules already initialized, skipping
Refreshing native plugins compatible for Editor in 0.36 ms, found 0 plugins.
Preloading 0 native plugins for Editor in 0.00 ms.
Unloading 1135 Unused Serialized files (Serialized files now loaded: 0)
System memory in use before: 64.7 MB.
System memory in use after: 64.7 MB.

Unloading 6 unused Assets to reduce memory usage. Loaded Objects now: 1624.
Total: 2.309400 ms (FindLiveObjects: 0.220500 ms CreateObjectMapping: 0.057600 ms MarkObjects: 1.938500 ms  DeleteObjects: 0.091300 ms)

========================================================================
Received Prepare
Refreshing native plugins compatible for Editor in 0.86 ms, found 0 plugins.
Preloading 0 native plugins for Editor in 0.00 ms.
Unloading 3 Unused Serialized files (Serialized files now loaded: 0)
System memory in use before: 42.2 MB.
System memory in use after: 42.3 MB.

Unloading 3 unused Assets to reduce memory usage. Loaded Objects now: 1624.
Total: 3.470100 ms (FindLiveObjects: 0.227000 ms CreateObjectMapping: 0.069700 ms MarkObjects: 3.076200 ms  DeleteObjects: 0.094800 ms)

AssetImportWorkerClient::OnTransportError - code=2 error=End of file
